<?xml version="1.0" encoding="UTF-8"?>
<!-- Generated by org.testng.reporters.JUnitReportReporter -->
<testsuite hostname="LAPTOP-TAJ8SJ95" failures="0" tests="2" name="SampleProject1.SampleProject1.HRMProject" time="0.013" errors="0" timestamp="2022-05-20T09:18:25 IST" skipped="0">
  <testcase classname="SampleProject1.SampleProject1.HRMProject" name="hrmProject" time="0.002"/>
  <system-out/>
  <testcase classname="SampleProject1.SampleProject1.HRMProject" name="hrmProject" time="0.011"/>
  <system-out/>
</testsuite> <!-- SampleProject1.SampleProject1.HRMProject -->
